<?xml version="1.0" encoding="UTF-8"?>
<testsuite xmlns:xsi="http://www.w3.org/2001/XMLSchema-instance" xsi:noNamespaceSchemaLocation="https://maven.apache.org/surefire/maven-surefire-plugin/xsd/surefire-test-report.xsd" name="com.payconiq.stockMgmt.repository.StockMgmtRepositoryTest" time="0.704" tests="3" errors="0" skipped="0" failures="0">
  <properties>
[...]
</properties>
  <testcase name="testFindAll" classname="com.payconiq.stockMgmt.repository.StockMgmtRepositoryTest" time="0.167"/>
  <testcase name="testSave" classname="com.payconiq.stockMgmt.repository.StockMgmtRepositoryTest" time="0.209"/>
  <testcase name="testFindById" classname="com.payconiq.stockMgmt.repository.StockMgmtRepositoryTest" time="0.205"/>
</testsuite>